<?xml version="1.0" encoding="UTF-8"?>
<!-- Generated by org.testng.reporters.JUnitReportReporter -->
<testsuite hostname="SPBDDEV035" name="com.gtech.miscellaneous.testcases.WebBrowser" tests="2" failures="0" timestamp="7 Aug 2014 07:06:26 GMT" time="19.644" errors="0">
  <testcase name="GAME_openBrowser" time="18.474" classname="com.gtech.miscellaneous.testcases.WebBrowser"/>
  <testcase name="GAME_closeBrowser" time="1.170" classname="com.gtech.miscellaneous.testcases.WebBrowser"/>
</testsuite> <!-- com.gtech.miscellaneous.testcases.WebBrowser -->
