<?xml version="1.0" encoding="UTF-8"?>
<!-- Generated by org.testng.reporters.JUnitReportReporter -->
<testsuite hostname="SPBDDEV035" name="com.gtech.administration.testcases.Login" tests="1" failures="0" timestamp="14 Aug 2014 14:50:49 GMT" time="28.263" errors="0">
  <testcase name="GAME_SignIn" time="28.263" classname="com.gtech.administration.testcases.Login"/>
</testsuite> <!-- com.gtech.administration.testcases.Login -->
