<?xml version="1.0" encoding="UTF-8"?>
<!-- Generated by org.testng.reporters.JUnitReportReporter -->
<testsuite hostname="SPBDDEV035" name="com.gtech.miscellaneous.testcases.WebBrowser" tests="2" failures="0" timestamp="14 Aug 2014 14:50:49 GMT" time="10.123" errors="0">
  <testcase name="GAME_closeBrowser" time="1.275" classname="com.gtech.miscellaneous.testcases.WebBrowser"/>
  <testcase name="GAME_openBrowser" time="8.848" classname="com.gtech.miscellaneous.testcases.WebBrowser"/>
</testsuite> <!-- com.gtech.miscellaneous.testcases.WebBrowser -->
