<?xml version="1.0" encoding="UTF-8"?>
<!-- Generated by org.testng.reporters.JUnitReportReporter -->
<testsuite hostname="SPBDDEV035" name="com.gtech.administration.testcases.Login" tests="1" failures="0" timestamp="7 Aug 2014 07:14:43 GMT" time="0.002" errors="0">
  <testcase name="GAME_SignIn" time="0.002" classname="com.gtech.administration.testcases.Login"/>
</testsuite> <!-- com.gtech.administration.testcases.Login -->
